C51 COMPILER V9.54   APP_UART                                                              03/12/2022 23:29:19 PAGE 1   


C51 COMPILER V9.54, COMPILATION OF MODULE APP_UART
OBJECT MODULE PLACED IN .\Objects\app_uart.obj
COMPILER INVOKED BY: E:\SoftWares\Keil5\C51\BIN\C51.EXE app_uart.c OPTIMIZE(8,SPEED) BROWSE DEBUG OBJECTEXTEND PRINT(.\L
                    -istings\app_uart.lst) TABS(2) OBJECT(.\Objects\app_uart.obj)

line level    source

   1          #include "include.h"
*** WARNING C322 IN LINE 538 OF STC15Fxxxx.H: unknown identifier
*** WARNING C322 IN LINE 540 OF STC15Fxxxx.H: unknown identifier
*** WARNING C322 IN LINE 542 OF STC15Fxxxx.H: unknown identifier
*** WARNING C322 IN LINE 544 OF STC15Fxxxx.H: unknown identifier
*** WARNING C322 IN LINE 546 OF STC15Fxxxx.H: unknown identifier
*** WARNING C322 IN LINE 548 OF STC15Fxxxx.H: unknown identifier
*** WARNING C322 IN LINE 550 OF STC15Fxxxx.H: unknown identifier
   2          
   3          void  SetTimer2Baudraye(u16 dat)            
   4          {
   5   1        AUXR &= ~(1<<4);                          
   6   1        AUXR &= ~(1<<3);                          //Timer2 set As Timer
   7   1        AUXR |=  (1<<2);                          //Timer2 set as 1T mode
   8   1        TH2 = dat / 256;
   9   1        TL2 = dat % 256;
  10   1        IE2  &= ~(1<<2);                          
  11   1        AUXR |=  (1<<4);                          //允许定时器运行                          
  12   1      }
  13          
  14          void  USART_SendData(u8 ch)           
  15          {
  16   1        SBUF=ch;  
  17   1        while(!TI);                             
  18   1        TI=0; 
  19   1      }
  20          
  21          void uartInit(void)               
  22          {
  23   1        AUXR |= 0x01;
  24   1        SetTimer2Baudraye(65536UL - (MAIN_Fosc / 4) / Baudrate1);
  25   1        SCON = (SCON & 0x3f) | 0x40;                                            
  26   1        REN = 1;                                  
  27   1        P_SW1 &= 0x3f;
  28   1        P_SW1 |= 0x40;                
  29   1      }


MODULE INFORMATION:   STATIC OVERLAYABLE
   CODE SIZE        =     61    ----
   CONSTANT SIZE    =   ----    ----
   XDATA SIZE       =   ----    ----
   PDATA SIZE       =   ----    ----
   DATA SIZE        =   ----    ----
   IDATA SIZE       =   ----    ----
   BIT SIZE         =   ----    ----
END OF MODULE INFORMATION.


C51 COMPILATION COMPLETE.  7 WARNING(S),  0 ERROR(S)
