C51 COMPILER V9.54   MAIN                                                                  03/12/2022 23:32:13 PAGE 1   


C51 COMPILER V9.54, COMPILATION OF MODULE MAIN
OBJECT MODULE PLACED IN .\Objects\main.obj
COMPILER INVOKED BY: E:\SoftWares\Keil5\C51\BIN\C51.EXE main.c OPTIMIZE(8,SPEED) BROWSE DEBUG OBJECTEXTEND PRINT(.\Listi
                    -ngs\main.lst) TABS(2) OBJECT(.\Objects\main.obj)

line level    source

   1          #include "include.h"
*** WARNING C322 IN LINE 538 OF STC15Fxxxx.H: unknown identifier
*** WARNING C322 IN LINE 540 OF STC15Fxxxx.H: unknown identifier
*** WARNING C322 IN LINE 542 OF STC15Fxxxx.H: unknown identifier
*** WARNING C322 IN LINE 544 OF STC15Fxxxx.H: unknown identifier
*** WARNING C322 IN LINE 546 OF STC15Fxxxx.H: unknown identifier
*** WARNING C322 IN LINE 548 OF STC15Fxxxx.H: unknown identifier
*** WARNING C322 IN LINE 550 OF STC15Fxxxx.H: unknown identifier
   2          
   3          /* Delay Function*/
   4          void Delay(unsigned int n)
   5          {
   6   1          unsigned int x;
   7   1          while (n--)
   8   1          {
   9   2            x = 5000;
  10   2            while (x--);
  11   2          }
  12   1      }
  13          
  14          /* Main Function */
  15          void main()
  16          {
  17   1        //system init
  18   1        ledInit();
  19   1        uartInit();
  20   1        adcInit();
  21   1        
  22   1        ledOff();
  23   1        //main loop
  24   1        while(1) {
  25   2          
  26   2          Delay(100);
  27   2          USART_SendData(sensorTask());
  28   2        }
  29   1      }


MODULE INFORMATION:   STATIC OVERLAYABLE
   CODE SIZE        =     54    ----
   CONSTANT SIZE    =   ----    ----
   XDATA SIZE       =   ----    ----
   PDATA SIZE       =   ----    ----
   DATA SIZE        =   ----    ----
   IDATA SIZE       =   ----    ----
   BIT SIZE         =   ----    ----
END OF MODULE INFORMATION.


C51 COMPILATION COMPLETE.  7 WARNING(S),  0 ERROR(S)
